
> home@0.1.0 build E:\Geeneth\AIESEC\IC 2025\unified-ic\apps\home
> next build

   ▲ Next.js 15.2.4

   Creating an optimized production build ...
 ✓ Compiled successfully
   Linting and checking validity of types ...
   Collecting page data ...
   Generating static pages (0/10) ...
   Generating static pages (2/10) 
   Generating static pages (4/10) 
   Generating static pages (7/10) 
 ✓ Generating static pages (10/10)
   Finalizing page optimization ...
   Collecting build traces ...

Route (app)                                 Size  First Load JS
┌ ○ /                                    7.27 kB         153 kB
├ ○ /_not-found                            979 B         102 kB
├ ○ /privacy-policy                      16.3 kB         117 kB
├ ○ /refund-policy                       2.25 kB         103 kB
├ ○ /register                            2.08 kB         148 kB
├ ○ /store                                 897 B         108 kB
└ ○ /terms-and-conditions                6.96 kB         108 kB
+ First Load JS shared by all             101 kB
  ├ chunks/166-c0ea3127de1d698d.js       45.9 kB
  ├ chunks/d21d8c9f-7f729de4c441e669.js  53.2 kB
  └ other shared chunks (total)          1.99 kB


○  (Static)  prerendered as static content

